Arguments: 
  C:\ProgramData\nvm\v16.15.0\node.exe C:\Program Files (x86)\Yarn\bin\yarn.js init - y

PATH: 
  D:\Git\mingw64\bin;D:\Git\usr\bin;C:\Users\kpz20\bin;C:\Program Files (x86)\Common Files\Oracle\Java\javapath;C:\Windows\system32;C:\Windows;C:\Windows\System32\Wbem;C:\Windows\System32\WindowsPowerShell\v1.0;C:\Windows\System32\OpenSSH;C:\Program Files\NVIDIA Corporation\NVIDIA NvDLISR;C:\Program Files (x86)\NVIDIA Corporation\PhysX\Common;C:\ProgramData\chocolatey\bin;C:\Program Files\dotnet;C:\Program Files\Microsoft SQL Server\120\Tools\Binn;C:\Program Files\Docker\Docker\resources\bin;C:\ProgramData\DockerDesktop\version-bin;C:\Program Files (x86)\Yarn\bin;C:\ProgramData\nvm;C:\Program Files\nodejs;D:\Git\cmd;C:\Program Files\Common Files\Autodesk Shared;C:\Users\kpz20\scoop\shims;C:\Users\kpz20\AppData\Local\Programs\Python\Python39\Scripts;C:\Users\kpz20\AppData\Local\Programs\Python\Python39;C:\Users\kpz20\AppData\Local\Microsoft\WindowsApps;D:\Visual Studio\Microsoft VS Code\bin;C:\Users\kpz20\AppData\Roaming\npm;C:\Users\kpz20\AppData\Local\Yarn\bin;C:\ProgramData\nvm;C:\Program Files\nodejs

Yarn version: 
  1.22.19

Node version: 
  16.15.0

Platform: 
  win32 x64

Trace: 
  Error: canceled
      at Interface.<anonymous> (C:\Program Files (x86)\Yarn\lib\cli.js:137150:13)
      at Interface.emit (node:events:527:28)
      at Interface._ttyWrite (node:readline:1081:16)
      at ReadStream.onkeypress (node:readline:288:10)
      at ReadStream.emit (node:events:527:28)
      at emitKeys (node:internal/readline/utils:358:14)
      at emitKeys.next (<anonymous>)
      at ReadStream.onData (node:internal/readline/emitKeypressEvents:61:36)
      at ReadStream.emit (node:events:527:28)
      at addChunk (node:internal/streams/readable:315:12)

npm manifest: 
  No manifest

yarn manifest: 
  No manifest

Lockfile: 
  No lockfile
